<?xml version="1.0" encoding="UTF-8"?>
<!-- Generated by org.testng.reporters.JUnitReportReporter -->
<testsuite hostname="TYSS-Yogita" failures="0" tests="1" name="com.testScripts.SampleTest" time="0.001" errors="0" timestamp="2023-11-30T16:46:13 IST" skipped="0">
  <testcase classname="com.testScripts.SampleTest" name="test" time="0.001"/>
</testsuite> <!-- com.testScripts.SampleTest -->
